<?xml version="1.0" encoding="UTF-8"?>
<!-- Generated by org.testng.reporters.JUnitReportReporter -->
<testsuite hostname="GK" failures="0" tests="3" name="com.crm.qa.testcases.ContactPageTests" time="78.774" errors="0" timestamp="14 Apr 2024 16:31:11 GMT" skipped="1">
  <testcase classname="com.crm.qa.testcases.ContactPageTests" name="verifyContactsPage" time="45.148"/>
  <testcase classname="com.crm.qa.testcases.ContactPageTests" name="selectContacts" time="33.626"/>
  <testcase classname="com.crm.qa.testcases.ContactPageTests" name="createNewContact" time="0.000">
    <skipped/>
  </testcase> <!-- createNewContact -->
</testsuite> <!-- com.crm.qa.testcases.ContactPageTests -->
