<?xml version="1.0" encoding="UTF-8"?>
<!-- Generated by org.testng.reporters.JUnitReportReporter -->
<testsuite hostname="GK" failures="0" tests="2" name="com.crm.qa.testcases.LogInPageTests" time="62.913" errors="0" timestamp="14 Apr 2024 16:31:11 GMT" skipped="0">
  <testcase classname="com.crm.qa.testcases.LogInPageTests" name="logInPageTitleTest" time="22.719"/>
  <testcase classname="com.crm.qa.testcases.LogInPageTests" name="logInTest" time="40.194"/>
</testsuite> <!-- com.crm.qa.testcases.LogInPageTests -->
