<?xml version="1.0" encoding="UTF-8"?>
<!-- Generated by org.testng.reporters.JUnitReportReporter -->
<testsuite hostname="GK" failures="0" tests="2" name="com.crm.qa.testcases.LogInPageTest" time="35.932" errors="0" timestamp="9 Apr 2024 11:25:57 GMT">
  <testcase classname="com.crm.qa.testcases.LogInPageTest" name="logInPageTitleTest" time="12.663"/>
  <testcase classname="com.crm.qa.testcases.LogInPageTest" name="logInTest" time="23.269"/>
</testsuite> <!-- com.crm.qa.testcases.LogInPageTest -->
